{
  "stats": {
    "suites": 3,
    "tests": 12,
    "passes": 12,
    "pending": 0,
    "failures": 0,
    "start": "2022-11-20T12:20:48.239Z",
    "end": "2022-11-20T12:20:48.255Z",
    "duration": 16,
    "testsRegistered": 12,
    "passPercent": 100,
    "pendingPercent": 0,
    "other": 0,
    "hasOther": false,
    "skipped": 0,
    "hasSkipped": false
  },
  "results": [
    {
      "uuid": "7436681d-db73-4eec-8ea1-08c12b0b517d",
      "title": "",
      "fullFile": "",
      "file": "",
      "beforeHooks": [
        {
          "title": "\"before all\" hook: Before Suite Once in \"{root}\"",
          "fullTitle": "\"before all\" hook: Before Suite Once in \"{root}\"",
          "timedOut": false,
          "duration": 1,
          "state": null,
          "speed": null,
          "pass": false,
          "fail": false,
          "pending": false,
          "context": null,
          "code": "console.log('Before Hook')",
          "err": {},
          "uuid": "1d30fcea-dcf6-4a3e-b0a1-2be7be31984a",
          "parentUUID": "7436681d-db73-4eec-8ea1-08c12b0b517d",
          "isHook": true,
          "skipped": false
        },
        {
          "title": "\"before all\" hook: Before Suite Once in \"{root}\"",
          "fullTitle": "\"before all\" hook: Before Suite Once in \"{root}\"",
          "timedOut": false,
          "duration": 0,
          "state": null,
          "speed": null,
          "pass": false,
          "fail": false,
          "pending": false,
          "context": null,
          "code": "console.log('Before Hook')",
          "err": {},
          "uuid": "f19f3f7c-08b4-47f7-9499-eb90c6a9657b",
          "parentUUID": "7436681d-db73-4eec-8ea1-08c12b0b517d",
          "isHook": true,
          "skipped": false
        },
        {
          "title": "\"before each\" hook: Before Test in \"{root}\"",
          "fullTitle": "\"before each\" hook: Before Test in \"{root}\"",
          "timedOut": false,
          "duration": 1,
          "state": null,
          "speed": null,
          "pass": false,
          "fail": false,
          "pending": false,
          "context": null,
          "code": "console.log(\"Before test case\");",
          "err": {},
          "uuid": "319994e4-07bd-4e15-9f3a-76ac3711be91",
          "parentUUID": "7436681d-db73-4eec-8ea1-08c12b0b517d",
          "isHook": true,
          "skipped": false
        },
        {
          "title": "\"before each\" hook: Before Test in \"{root}\"",
          "fullTitle": "\"before each\" hook: Before Test in \"{root}\"",
          "timedOut": false,
          "duration": 0,
          "state": null,
          "speed": null,
          "pass": false,
          "fail": false,
          "pending": false,
          "context": null,
          "code": "console.log(\"Before test case\");",
          "err": {},
          "uuid": "1c4abd76-f0bd-41d4-873d-9c3b1e6efe98",
          "parentUUID": "7436681d-db73-4eec-8ea1-08c12b0b517d",
          "isHook": true,
          "skipped": false
        }
      ],
      "afterHooks": [
        {
          "title": "\"after all\" hook: After Suite in \"{root}\"",
          "fullTitle": "\"after all\" hook: After Suite in \"{root}\"",
          "timedOut": false,
          "duration": 1,
          "state": null,
          "speed": null,
          "pass": false,
          "fail": false,
          "pending": false,
          "context": null,
          "code": "console.log(\"After Hook\");",
          "err": {},
          "uuid": "1572bcf1-6d33-440a-af46-93411673cc17",
          "parentUUID": "7436681d-db73-4eec-8ea1-08c12b0b517d",
          "isHook": true,
          "skipped": false
        },
        {
          "title": "\"after all\" hook: After Suite in \"{root}\"",
          "fullTitle": "\"after all\" hook: After Suite in \"{root}\"",
          "timedOut": false,
          "duration": 0,
          "state": null,
          "speed": null,
          "pass": false,
          "fail": false,
          "pending": false,
          "context": null,
          "code": "console.log(\"After Hook\");",
          "err": {},
          "uuid": "9fc63217-a1d7-408a-9be9-8e335e1931ea",
          "parentUUID": "7436681d-db73-4eec-8ea1-08c12b0b517d",
          "isHook": true,
          "skipped": false
        },
        {
          "title": "\"after each\" hook: After test  in \"{root}\"",
          "fullTitle": "\"after each\" hook: After test  in \"{root}\"",
          "timedOut": false,
          "duration": 0,
          "state": null,
          "speed": null,
          "pass": false,
          "fail": false,
          "pending": false,
          "context": null,
          "code": "console.log(\"After test case\");",
          "err": {},
          "uuid": "399b45c8-48ef-48c8-a1e6-ee69211768f8",
          "parentUUID": "7436681d-db73-4eec-8ea1-08c12b0b517d",
          "isHook": true,
          "skipped": false
        },
        {
          "title": "\"after each\" hook: After test  in \"{root}\"",
          "fullTitle": "\"after each\" hook: After test  in \"{root}\"",
          "timedOut": false,
          "duration": 0,
          "state": null,
          "speed": null,
          "pass": false,
          "fail": false,
          "pending": false,
          "context": null,
          "code": "console.log(\"After test case\");",
          "err": {},
          "uuid": "f508aec1-5c92-466d-b5d1-f9f2fc322066",
          "parentUUID": "7436681d-db73-4eec-8ea1-08c12b0b517d",
          "isHook": true,
          "skipped": false
        }
      ],
      "tests": [],
      "suites": [
        {
          "uuid": "2fca7469-4e22-44e9-adbc-14c06c2b31b8",
          "title": "First Sample Test Suite -1",
          "fullFile": "/Users/nrangasa/personal/js-api-tests/test/test-two.js",
          "file": "/test/test-two.js",
          "beforeHooks": [],
          "afterHooks": [],
          "tests": [
            {
              "title": "Test Case - 1",
              "fullTitle": "First Sample Test Suite -1 Test Case - 1",
              "timedOut": false,
              "duration": 0,
              "state": "passed",
              "speed": "fast",
              "pass": true,
              "fail": false,
              "pending": false,
              "context": null,
              "code": "console.log('Hello Test !!!');",
              "err": {},
              "uuid": "383d1a1a-6501-4cd5-af32-9249c560add5",
              "parentUUID": "2fca7469-4e22-44e9-adbc-14c06c2b31b8",
              "isHook": false,
              "skipped": false
            },
            {
              "title": "Test Case - 2",
              "fullTitle": "First Sample Test Suite -1 Test Case - 2",
              "timedOut": false,
              "duration": 0,
              "state": "passed",
              "speed": "fast",
              "pass": true,
              "fail": false,
              "pending": false,
              "context": null,
              "code": "console.log(\"Hello Test !!!\");",
              "err": {},
              "uuid": "02944851-cc3c-4eb1-8732-a7d855b10275",
              "parentUUID": "2fca7469-4e22-44e9-adbc-14c06c2b31b8",
              "isHook": false,
              "skipped": false
            },
            {
              "title": "Test Case - 3",
              "fullTitle": "First Sample Test Suite -1 Test Case - 3",
              "timedOut": false,
              "duration": 0,
              "state": "passed",
              "speed": "fast",
              "pass": true,
              "fail": false,
              "pending": false,
              "context": null,
              "code": "console.log(\"Hello Test !!!\");",
              "err": {},
              "uuid": "49b60459-94f4-42cb-9bea-5d366f2991f7",
              "parentUUID": "2fca7469-4e22-44e9-adbc-14c06c2b31b8",
              "isHook": false,
              "skipped": false
            },
            {
              "title": "Test Case - 4",
              "fullTitle": "First Sample Test Suite -1 Test Case - 4",
              "timedOut": false,
              "duration": 0,
              "state": "passed",
              "speed": "fast",
              "pass": true,
              "fail": false,
              "pending": false,
              "context": null,
              "code": "console.log(\"Hello Test !!!\");",
              "err": {},
              "uuid": "c7b738e2-af2b-4d78-8953-fcac6cd8e8dd",
              "parentUUID": "2fca7469-4e22-44e9-adbc-14c06c2b31b8",
              "isHook": false,
              "skipped": false
            }
          ],
          "suites": [],
          "passes": [
            "383d1a1a-6501-4cd5-af32-9249c560add5",
            "02944851-cc3c-4eb1-8732-a7d855b10275",
            "49b60459-94f4-42cb-9bea-5d366f2991f7",
            "c7b738e2-af2b-4d78-8953-fcac6cd8e8dd"
          ],
          "failures": [],
          "pending": [],
          "skipped": [],
          "duration": 0,
          "root": false,
          "rootEmpty": false,
          "_timeout": 2000
        },
        {
          "uuid": "e51012d3-a8ec-4d88-b714-abc5ea4de938",
          "title": "First Sample Test Suite -1",
          "fullFile": "/Users/nrangasa/personal/js-api-tests/test/test-one.js",
          "file": "/test/test-one.js",
          "beforeHooks": [],
          "afterHooks": [],
          "tests": [
            {
              "title": "Test Case - 1",
              "fullTitle": "First Sample Test Suite -1 Test Case - 1",
              "timedOut": false,
              "duration": 0,
              "state": "passed",
              "speed": "fast",
              "pass": true,
              "fail": false,
              "pending": false,
              "context": null,
              "code": "console.log('Hello Test !!!');",
              "err": {},
              "uuid": "d4bf8fc7-d207-4102-93e4-4892d2da4c05",
              "parentUUID": "e51012d3-a8ec-4d88-b714-abc5ea4de938",
              "isHook": false,
              "skipped": false
            },
            {
              "title": "Test Case - 2",
              "fullTitle": "First Sample Test Suite -1 Test Case - 2",
              "timedOut": false,
              "duration": 0,
              "state": "passed",
              "speed": "fast",
              "pass": true,
              "fail": false,
              "pending": false,
              "context": null,
              "code": "console.log(\"Hello Test !!!\");",
              "err": {},
              "uuid": "ae3f408e-4775-4d62-bf04-66c09da411b2",
              "parentUUID": "e51012d3-a8ec-4d88-b714-abc5ea4de938",
              "isHook": false,
              "skipped": false
            },
            {
              "title": "Test Case - 3",
              "fullTitle": "First Sample Test Suite -1 Test Case - 3",
              "timedOut": false,
              "duration": 0,
              "state": "passed",
              "speed": "fast",
              "pass": true,
              "fail": false,
              "pending": false,
              "context": null,
              "code": "console.log(\"Hello Test !!!\");",
              "err": {},
              "uuid": "51dbfa8f-beb2-4c9b-a59d-3ded4a0a26b6",
              "parentUUID": "e51012d3-a8ec-4d88-b714-abc5ea4de938",
              "isHook": false,
              "skipped": false
            },
            {
              "title": "Test Case - 4",
              "fullTitle": "First Sample Test Suite -1 Test Case - 4",
              "timedOut": false,
              "duration": 0,
              "state": "passed",
              "speed": "fast",
              "pass": true,
              "fail": false,
              "pending": false,
              "context": null,
              "code": "console.log(\"Hello Test !!!\");",
              "err": {},
              "uuid": "7140f946-c787-4787-a5d2-9af431707f88",
              "parentUUID": "e51012d3-a8ec-4d88-b714-abc5ea4de938",
              "isHook": false,
              "skipped": false
            }
          ],
          "suites": [],
          "passes": [
            "d4bf8fc7-d207-4102-93e4-4892d2da4c05",
            "ae3f408e-4775-4d62-bf04-66c09da411b2",
            "51dbfa8f-beb2-4c9b-a59d-3ded4a0a26b6",
            "7140f946-c787-4787-a5d2-9af431707f88"
          ],
          "failures": [],
          "pending": [],
          "skipped": [],
          "duration": 0,
          "root": false,
          "rootEmpty": false,
          "_timeout": 2000
        },
        {
          "uuid": "734cc158-4ada-4897-aba8-c1e95f21663e",
          "title": "Second Sample Test Suite -2",
          "fullFile": "/Users/nrangasa/personal/js-api-tests/test/test-one.js",
          "file": "/test/test-one.js",
          "beforeHooks": [],
          "afterHooks": [],
          "tests": [
            {
              "title": "Test Case - 1",
              "fullTitle": "Second Sample Test Suite -2 Test Case - 1",
              "timedOut": false,
              "duration": 0,
              "state": "passed",
              "speed": "fast",
              "pass": true,
              "fail": false,
              "pending": false,
              "context": null,
              "code": "console.log(\"Hello Test !!!\");",
              "err": {},
              "uuid": "7c244ebe-43f0-474d-8625-c70bf7833181",
              "parentUUID": "734cc158-4ada-4897-aba8-c1e95f21663e",
              "isHook": false,
              "skipped": false
            },
            {
              "title": "Test Case - 2",
              "fullTitle": "Second Sample Test Suite -2 Test Case - 2",
              "timedOut": false,
              "duration": 0,
              "state": "passed",
              "speed": "fast",
              "pass": true,
              "fail": false,
              "pending": false,
              "context": null,
              "code": "console.log(\"Hello Test !!!\");",
              "err": {},
              "uuid": "a383a59f-4986-446c-854a-e988b41e2e2d",
              "parentUUID": "734cc158-4ada-4897-aba8-c1e95f21663e",
              "isHook": false,
              "skipped": false
            },
            {
              "title": "Test Case - 3",
              "fullTitle": "Second Sample Test Suite -2 Test Case - 3",
              "timedOut": false,
              "duration": 0,
              "state": "passed",
              "speed": "fast",
              "pass": true,
              "fail": false,
              "pending": false,
              "context": null,
              "code": "console.log(\"Hello Test !!!\");",
              "err": {},
              "uuid": "c72980fe-7de1-4df7-af77-7cdee06b0b6b",
              "parentUUID": "734cc158-4ada-4897-aba8-c1e95f21663e",
              "isHook": false,
              "skipped": false
            },
            {
              "title": "Test Case - 4",
              "fullTitle": "Second Sample Test Suite -2 Test Case - 4",
              "timedOut": false,
              "duration": 0,
              "state": "passed",
              "speed": "fast",
              "pass": true,
              "fail": false,
              "pending": false,
              "context": null,
              "code": "console.log(\"Hello Test !!!\");",
              "err": {},
              "uuid": "60c1bfd8-837f-4d0a-bb88-c13cb932acc8",
              "parentUUID": "734cc158-4ada-4897-aba8-c1e95f21663e",
              "isHook": false,
              "skipped": false
            }
          ],
          "suites": [],
          "passes": [
            "7c244ebe-43f0-474d-8625-c70bf7833181",
            "a383a59f-4986-446c-854a-e988b41e2e2d",
            "c72980fe-7de1-4df7-af77-7cdee06b0b6b",
            "60c1bfd8-837f-4d0a-bb88-c13cb932acc8"
          ],
          "failures": [],
          "pending": [],
          "skipped": [],
          "duration": 0,
          "root": false,
          "rootEmpty": false,
          "_timeout": 2000
        }
      ],
      "passes": [],
      "failures": [],
      "pending": [],
      "skipped": [],
      "duration": 0,
      "root": true,
      "rootEmpty": true,
      "_timeout": 2000
    }
  ],
  "meta": {
    "mocha": {
      "version": "10.1.0"
    },
    "mochawesome": {
      "options": {
        "quiet": false,
        "reportFilename": "mochawesome",
        "saveHtml": true,
        "saveJson": true,
        "consoleReporter": "spec",
        "useInlineDiffs": false,
        "code": true
      },
      "version": "7.1.3"
    },
    "marge": {
      "options": null,
      "version": "6.2.0"
    }
  }
}